Jul 07 18:10:07 omar-ayyub-System-Product-Name systemd[1]: Finished sysstat-collect.service - system activity accounting tool.
Jul 07 18:10:26 omar-ayyub-System-Product-Name systemd[1734]: vte-spawn-0d09e1cb-89a7-4a18-9035-f667044cc23e.scope: Consumed 1.917s CPU time.
Jul 07 18:14:00 omar-ayyub-System-Product-Name dbus-daemon[1368]: [system] Activating via systemd: service name='org.freedesktop.hostname1' unit='dbus-org.freedesktop.hostname1.service' requested by ':1.112' (uid=1000 pid=2984 comm="/snap/code/196/usr/share/code/code --no-sandbox --" label="snap.code.code (complain)")
Jul 07 18:14:00 omar-ayyub-System-Product-Name systemd[1]: Starting systemd-hostnamed.service - Hostname Service...
Jul 07 18:14:00 omar-ayyub-System-Product-Name dbus-daemon[1368]: [system] Successfully activated service 'org.freedesktop.hostname1'
Jul 07 18:14:00 omar-ayyub-System-Product-Name systemd[1]: Started systemd-hostnamed.service - Hostname Service.
Jul 07 18:14:30 omar-ayyub-System-Product-Name systemd[1]: systemd-hostnamed.service: Deactivated successfully.
Jul 07 18:15:01 omar-ayyub-System-Product-Name CRON[5592]: pam_unix(cron:session): session opened for user root(uid=0) by root(uid=0)
Jul 07 18:15:01 omar-ayyub-System-Product-Name CRON[5593]: (root) CMD (command -v debian-sa1 > /dev/null && debian-sa1 1 1)
Jul 07 18:15:01 omar-ayyub-System-Product-Name CRON[5592]: pam_unix(cron:session): session closed for user root
Jul 07 18:15:51 omar-ayyub-System-Product-Name sudo[5711]: omar-ayyub : TTY=pts/5 ; PWD=/home/omar-ayyub/p/Alphatoe ; USER=root ; COMMAND=/usr/bin/journalctl -f
Jul 07 18:15:51 omar-ayyub-System-Product-Name sudo[5710]: omar-ayyub : TTY=pts/5 ; PWD=/home/omar-ayyub/p/Alphatoe ; USER=root ; COMMAND=/usr/bin/dmesg -w
Jul 07 18:15:51 omar-ayyub-System-Product-Name sudo[5711]: pam_unix(sudo:session): session opened for user root(uid=0) by omar-ayyub(uid=1000)
Jul 07 18:15:51 omar-ayyub-System-Product-Name sudo[5710]: pam_unix(sudo:session): session opened for user root(uid=0) by omar-ayyub(uid=1000)
Jul 07 18:17:01 omar-ayyub-System-Product-Name CRON[6148]: pam_unix(cron:session): session opened for user root(uid=0) by root(uid=0)
Jul 07 18:17:01 omar-ayyub-System-Product-Name CRON[6149]: (root) CMD (cd / && run-parts --report /etc/cron.hourly)
Jul 07 18:17:01 omar-ayyub-System-Product-Name CRON[6148]: pam_unix(cron:session): session closed for user root
Jul 07 18:20:01 omar-ayyub-System-Product-Name systemd[1]: Starting sysstat-collect.service - system activity accounting tool...
Jul 07 18:20:01 omar-ayyub-System-Product-Name systemd[1]: sysstat-collect.service: Deactivated successfully.
Jul 07 18:20:01 omar-ayyub-System-Product-Name systemd[1]: Finished sysstat-collect.service - system activity accounting tool.
Jul 07 18:25:01 omar-ayyub-System-Product-Name CRON[6792]: pam_unix(cron:session): session opened for user root(uid=0) by root(uid=0)
Jul 07 18:25:01 omar-ayyub-System-Product-Name CRON[6793]: (root) CMD (command -v debian-sa1 > /dev/null && debian-sa1 1 1)
Jul 07 18:25:01 omar-ayyub-System-Product-Name CRON[6792]: pam_unix(cron:session): session closed for user root
Jul 07 18:29:07 omar-ayyub-System-Product-Name systemd[1]: Starting fwupd-refresh.service - Refresh fwupd metadata and update motd...
Jul 07 18:29:07 omar-ayyub-System-Product-Name systemd[1]: fwupd-refresh.service: Deactivated successfully.
Jul 07 18:29:07 omar-ayyub-System-Product-Name systemd[1]: Finished fwupd-refresh.service - Refresh fwupd metadata and update motd.
Jul 07 18:30:01 omar-ayyub-System-Product-Name CRON[7119]: pam_unix(cron:session): session opened for user root(uid=0) by root(uid=0)
Jul 07 18:30:01 omar-ayyub-System-Product-Name CRON[7121]: (root) CMD ([ -x /etc/init.d/anacron ] && if [ ! -d /run/systemd/system ]; then /usr/sbin/invoke-rc.d anacron start >/dev/null; fi)
Jul 07 18:30:01 omar-ayyub-System-Product-Name CRON[7119]: pam_unix(cron:session): session closed for user root
Jul 07 18:30:28 omar-ayyub-System-Product-Name systemd[1]: Started anacron.service - Run anacron jobs.
Jul 07 18:30:28 omar-ayyub-System-Product-Name anacron[7148]: Anacron 2.3 started on 2025-07-07
Jul 07 18:30:28 omar-ayyub-System-Product-Name systemd[1]: Starting sysstat-collect.service - system activity accounting tool...
Jul 07 18:30:28 omar-ayyub-System-Product-Name anacron[7148]: Normal exit (0 jobs run)
Jul 07 18:30:28 omar-ayyub-System-Product-Name systemd[1]: anacron.service: Deactivated successfully.
Jul 07 18:30:28 omar-ayyub-System-Product-Name systemd[1]: sysstat-collect.service: Deactivated successfully.
Jul 07 18:30:28 omar-ayyub-System-Product-Name systemd[1]: Finished sysstat-collect.service - system activity accounting tool.
Jul 07 18:34:08 omar-ayyub-System-Product-Name systemd[1734]: Started app-gnome-org.gnome.Terminal-7374.scope - Application launched by gnome-shell.
Jul 07 18:34:08 omar-ayyub-System-Product-Name dbus-daemon[1819]: [session uid=1000 pid=1819] Activating via systemd: service name='org.gnome.Terminal' unit='gnome-terminal-server.service' requested by ':1.117' (uid=1000 pid=7378 comm="/usr/bin/gnome-terminal.real" label="unconfined")
Jul 07 18:34:08 omar-ayyub-System-Product-Name systemd[1734]: Starting gnome-terminal-server.service - GNOME Terminal Server...
Jul 07 18:34:08 omar-ayyub-System-Product-Name dbus-daemon[1819]: [session uid=1000 pid=1819] Successfully activated service 'org.gnome.Terminal'
Jul 07 18:34:08 omar-ayyub-System-Product-Name systemd[1734]: Started gnome-terminal-server.service - GNOME Terminal Server.
Jul 07 18:34:08 omar-ayyub-System-Product-Name systemd[1734]: Started vte-spawn-035e3f1c-13d9-4b2f-88ef-7ce776f4b6f2.scope - VTE child process 7395 launched by gnome-terminal-server process 7382.
Jul 07 18:34:24 omar-ayyub-System-Product-Name systemd[1734]: Started vte-spawn-11352db0-f7c9-475b-851f-76432e6ba1d0.scope - VTE child process 7406 launched by gnome-terminal-server process 7382.
Jul 07 18:35:01 omar-ayyub-System-Product-Name CRON[7487]: pam_unix(cron:session): session opened for user root(uid=0) by root(uid=0)
Jul 07 18:35:01 omar-ayyub-System-Product-Name CRON[7490]: (root) CMD (command -v debian-sa1 > /dev/null && debian-sa1 1 1)
Jul 07 18:35:01 omar-ayyub-System-Product-Name CRON[7487]: pam_unix(cron:session): session closed for user root
Jul 07 18:36:09 omar-ayyub-System-Product-Name kernel: NVRM: GPU at PCI:0000:01:00: GPU-ceb76a5e-2d33-a916-77ac-fc3fa78666aa
Jul 07 18:36:09 omar-ayyub-System-Product-Name kernel: NVRM: Xid (PCI:0000:01:00): 79, pid='<unknown>', name=<unknown>, GPU has fallen off the bus.
Jul 07 18:36:09 omar-ayyub-System-Product-Name kernel: NVRM: GPU 0000:01:00.0: GPU has fallen off the bus.
Jul 07 18:36:09 omar-ayyub-System-Product-Name kernel: NVRM: A GPU crash dump has been created. If possible, please run
                                                       NVRM: nvidia-bug-report.sh as root to collect this data before
                                                       NVRM: the NVIDIA kernel module is unloaded.
Jul 07 18:36:21 omar-ayyub-System-Product-Name /usr/libexec/gdm-x-session[1919]: (EE) NVIDIA(GPU-0): WAIT (2, 8, 0x8000, 0x00070500, 0x00019308)
Jul 07 18:36:27 omar-ayyub-System-Product-Name kernel: sysrq: This sysrq operation is disabled.
Jul 07 18:36:28 omar-ayyub-System-Product-Name kernel: sysrq: This sysrq operation is disabled.
Jul 07 18:36:28 omar-ayyub-System-Product-Name kernel: sysrq: This sysrq operation is disabled.
Jul 07 18:36:28 omar-ayyub-System-Product-Name /usr/libexec/gdm-x-session[1919]: (EE) NVIDIA(GPU-0): WAIT (1, 8, 0x8000, 0x00070500, 0x00019308)
Jul 07 18:36:28 omar-ayyub-System-Product-Name kernel: nvidia-modeset: ERROR: GPU:0: Failed to query display engine channel state: 0x0000c67e:6:0:0x0000000f
Jul 07 18:36:28 omar-ayyub-System-Product-Name kernel: nvidia-modeset: ERROR: GPU:0: Failed to query display engine channel state: 0x0000c67e:4:0:0x0000000f
Jul 07 18:36:28 omar-ayyub-System-Product-Name kernel: nvidia-modeset: ERROR: GPU:0: Failed to query display engine channel state: 0x0000c67e:6:0:0x0000000f
Jul 07 18:36:28 omar-ayyub-System-Product-Name kernel: nvidia-modeset: ERROR: GPU:0: Failed to query display engine channel state: 0x0000c67e:4:0:0x0000000f
Jul 07 18:36:28 omar-ayyub-System-Product-Name kernel: sysrq: Emergency Sync
Jul 07 18:36:28 omar-ayyub-System-Product-Name kernel: Emergency Sync complete
